{"name":"pepServer","hostname":"ubuntu.master","pid":10103,"level":50,"msg":"Caught exception: ReferenceError: log is not defined","time":"2016-05-09T14:37:32.377Z","v":0}
{"name":"pepServer","hostname":"ubuntu.master","pid":10149,"level":30,"msg":"Starting PEP proxy. Keystone authentication ...","time":"2016-05-09T14:41:36.843Z","v":0}
{"name":"pepServer","hostname":"ubuntu.master","pid":10149,"level":30,"msg":"Success authenticating PEP proxy. Proxy Auth-token:  74ddaecf0df14819916cbec9f825efc5","time":"2016-05-09T14:41:38.179Z","v":0}
{"name":"pepServer","hostname":"ubuntu.master","pid":10175,"level":30,"msg":"Starting PEP proxy. Keystone authentication ...","time":"2016-05-09T14:43:29.722Z","v":0}
{"name":"pepServer","hostname":"ubuntu.master","pid":10175,"level":50,"msg":"Caught exception: ReferenceError: log is not defined","time":"2016-05-09T14:43:29.725Z","v":0}
{"name":"pepServer","hostname":"ubuntu.master","pid":10189,"level":20,"msg":"Sending  POST  to: http://localhost:5000/v3/auth/tokens","time":"2016-05-09T14:44:02.187Z","v":0}
{"name":"pepServer","hostname":"ubuntu.master","pid":10189,"level":30,"msg":"Starting PEP proxy. Keystone authentication ...","time":"2016-05-09T14:44:02.185Z","v":0}
{"name":"pepServer","hostname":"ubuntu.master","pid":10189,"level":20,"msg":" Headers:  { 'Content-Type': 'application/json' }","time":"2016-05-09T14:44:02.196Z","v":0}
{"name":"pepServer","hostname":"ubuntu.master","pid":10189,"level":20,"msg":" Body:  {\"auth\":{\"identity\":{\"methods\":[\"password\"],\"password\":{\"user\":{\"name\":\"idm\",\"password\":\"idm\",\"domain\":{\"id\":\"default\"}}}}}}","time":"2016-05-09T14:44:02.196Z","v":0}
{"name":"pepServer","hostname":"ubuntu.master","pid":10189,"level":30,"msg":"Success authenticating PEP proxy. Proxy Auth-token:  91728eb64a3c49398f2d6d2358deb37f","time":"2016-05-09T14:44:02.395Z","v":0}
{"name":"pepHttpClient","hostname":"ubuntu.master","pid":10202,"level":20,"msg":"Sending  POST  to: http://localhost:5000/v3/auth/tokens","time":"2016-05-09T14:44:15.930Z","v":0}
{"name":"pepServer","hostname":"ubuntu.master","pid":10202,"level":30,"msg":"Starting PEP proxy. Keystone authentication ...","time":"2016-05-09T14:44:15.927Z","v":0}
{"name":"pepHttpClient","hostname":"ubuntu.master","pid":10202,"level":20,"msg":" Headers:  { 'Content-Type': 'application/json' }","time":"2016-05-09T14:44:15.938Z","v":0}
{"name":"pepHttpClient","hostname":"ubuntu.master","pid":10202,"level":20,"msg":" Body:  {\"auth\":{\"identity\":{\"methods\":[\"password\"],\"password\":{\"user\":{\"name\":\"idm\",\"password\":\"idm\",\"domain\":{\"id\":\"default\"}}}}}}","time":"2016-05-09T14:44:15.938Z","v":0}
{"name":"pepServer","hostname":"ubuntu.master","pid":10202,"level":30,"msg":"Success authenticating PEP proxy. Proxy Auth-token:  b5ae0c4ce7bb4e5a90c88ca04a7b67e7","time":"2016-05-09T14:44:16.148Z","v":0}
{"name":"pepHttpClient","hostname":"ubuntu.master","pid":10224,"level":20,"msg":"Sending  POST  to: http://localhost:5000/v3/auth/tokens","time":"2016-05-09T14:44:20.127Z","v":0}
{"name":"pepServer","hostname":"ubuntu.master","pid":10224,"level":30,"msg":"Starting PEP proxy. Keystone authentication ...","time":"2016-05-09T14:44:20.125Z","v":0}
{"name":"pepHttpClient","hostname":"ubuntu.master","pid":10224,"level":20,"msg":" Headers:  { 'Content-Type': 'application/json' }","time":"2016-05-09T14:44:20.136Z","v":0}
{"name":"pepHttpClient","hostname":"ubuntu.master","pid":10224,"level":20,"msg":" Body:  {\"auth\":{\"identity\":{\"methods\":[\"password\"],\"password\":{\"user\":{\"name\":\"idm\",\"password\":\"idm\",\"domain\":{\"id\":\"default\"}}}}}}","time":"2016-05-09T14:44:20.136Z","v":0}
{"name":"pepServer","hostname":"ubuntu.master","pid":10224,"level":30,"msg":"Success authenticating PEP proxy. Proxy Auth-token:  dd4d105495c242f992ecb47ae16ec48b","time":"2016-05-09T14:44:21.957Z","v":0}
{"name":"pepHttpClient","hostname":"ubuntu.master","pid":10613,"level":20,"msg":"Sending  POST  to: http://localhost:5000/v3/auth/tokens","time":"2016-05-09T14:48:17.609Z","v":0}
{"name":"pepServer","hostname":"ubuntu.master","pid":10613,"level":30,"msg":"Starting PEP proxy. Keystone authentication ...","time":"2016-05-09T14:48:17.607Z","v":0}
{"name":"pepHttpClient","hostname":"ubuntu.master","pid":10613,"level":20,"msg":" Headers:  { 'Content-Type': 'application/json' }","time":"2016-05-09T14:48:17.617Z","v":0}
{"name":"pepHttpClient","hostname":"ubuntu.master","pid":10613,"level":20,"msg":" Body:  {\"auth\":{\"identity\":{\"methods\":[\"password\"],\"password\":{\"user\":{\"name\":\"idm\",\"password\":\"idm\",\"domain\":{\"id\":\"default\"}}}}}}","time":"2016-05-09T14:48:17.617Z","v":0}
{"name":"pepServer","hostname":"ubuntu.master","pid":10613,"level":30,"msg":"Success authenticating PEP proxy. Proxy Auth-token:  f22d07f76d1240ab85a8d7b9e3d6132b","time":"2016-05-09T14:48:17.785Z","v":0}
{"name":"pepIdm","hostname":"ubuntu.master","pid":10613,"level":30,"msg":"grantAccessToken .... ","time":"2016-05-09T14:53:42.048Z","v":0}
{"name":"pepServer","hostname":"ubuntu.master","pid":10613,"level":50,"msg":"Caught exception: TypeError: Cannot read property 'then' of undefined","time":"2016-05-09T14:53:42.051Z","v":0}
{"name":"pepHttpClient","hostname":"ubuntu.master","pid":10674,"level":20,"msg":"Sending  POST  to: http://localhost:5000/v3/auth/tokens","time":"2016-05-09T14:54:22.547Z","v":0}
{"name":"pepServer","hostname":"ubuntu.master","pid":10674,"level":30,"msg":"Starting PEP proxy. Keystone authentication ...","time":"2016-05-09T14:54:22.544Z","v":0}
{"name":"pepHttpClient","hostname":"ubuntu.master","pid":10674,"level":20,"msg":" Headers:  { 'Content-Type': 'application/json' }","time":"2016-05-09T14:54:22.556Z","v":0}
{"name":"pepHttpClient","hostname":"ubuntu.master","pid":10674,"level":20,"msg":" Body:  {\"auth\":{\"identity\":{\"methods\":[\"password\"],\"password\":{\"user\":{\"name\":\"idm\",\"password\":\"idm\",\"domain\":{\"id\":\"default\"}}}}}}","time":"2016-05-09T14:54:22.556Z","v":0}
{"name":"pepIdm","hostname":"ubuntu.master","pid":10674,"level":30,"msg":"grantAccessToken .... ","time":"2016-05-09T14:54:22.679Z","v":0}
{"name":"pepServer","hostname":"ubuntu.master","pid":10674,"level":30,"msg":"connection not allowed ...ReferenceError: cilentID is not defined","time":"2016-05-09T14:54:22.682Z","v":0}
{"name":"pepServer","hostname":"ubuntu.master","pid":10674,"level":30,"msg":"Success authenticating PEP proxy. Proxy Auth-token:  16316cb829244b3b896fb92d6991ed15","time":"2016-05-09T14:54:22.710Z","v":0}
{"name":"pepIdm","hostname":"ubuntu.master","pid":10674,"level":30,"msg":"grantAccessToken .... ","time":"2016-05-09T14:54:53.355Z","v":0}
{"name":"pepServer","hostname":"ubuntu.master","pid":10674,"level":30,"msg":"connection not allowed ...ReferenceError: cilentID is not defined","time":"2016-05-09T14:54:53.356Z","v":0}
{"name":"pepIdm","hostname":"ubuntu.master","pid":10674,"level":30,"msg":"grantAccessToken .... ","time":"2016-05-09T14:54:53.372Z","v":0}
{"name":"pepServer","hostname":"ubuntu.master","pid":10674,"level":30,"msg":"connection not allowed ...ReferenceError: cilentID is not defined","time":"2016-05-09T14:54:53.372Z","v":0}
{"name":"pepHttpClient","hostname":"ubuntu.master","pid":10699,"level":20,"msg":"Sending  POST  to: http://localhost:5000/v3/auth/tokens","time":"2016-05-09T14:56:34.351Z","v":0}
{"name":"pepServer","hostname":"ubuntu.master","pid":10699,"level":30,"msg":"Starting PEP proxy. Keystone authentication ...","time":"2016-05-09T14:56:34.348Z","v":0}
{"name":"pepHttpClient","hostname":"ubuntu.master","pid":10699,"level":20,"msg":" Headers:  { 'Content-Type': 'application/json' }","time":"2016-05-09T14:56:34.359Z","v":0}
{"name":"pepHttpClient","hostname":"ubuntu.master","pid":10699,"level":20,"msg":" Body:  {\"auth\":{\"identity\":{\"methods\":[\"password\"],\"password\":{\"user\":{\"name\":\"idm\",\"password\":\"idm\",\"domain\":{\"id\":\"default\"}}}}}}","time":"2016-05-09T14:56:34.359Z","v":0}
{"name":"pepServer","hostname":"ubuntu.master","pid":10699,"level":30,"msg":"Success authenticating PEP proxy. Proxy Auth-token:  b1b9da0257114222aaee6af6f7bfdf15","time":"2016-05-09T14:56:34.464Z","v":0}
{"name":"pepIdm","hostname":"ubuntu.master","pid":10699,"level":30,"msg":"grantAccessToken .... ","time":"2016-05-09T14:56:38.827Z","v":0}
{"name":"pepServer","hostname":"ubuntu.master","pid":10699,"level":30,"msg":"connection not allowed ...ReferenceError: querystring is not defined","time":"2016-05-09T14:56:38.831Z","v":0}
{"name":"pepIdm","hostname":"ubuntu.master","pid":10699,"level":30,"msg":"grantAccessToken .... ","time":"2016-05-09T14:56:38.839Z","v":0}
{"name":"pepServer","hostname":"ubuntu.master","pid":10699,"level":30,"msg":"connection not allowed ...ReferenceError: querystring is not defined","time":"2016-05-09T14:56:38.839Z","v":0}
{"name":"pepHttpClient","hostname":"ubuntu.master","pid":10718,"level":20,"msg":"Sending  POST  to: http://localhost:5000/v3/auth/tokens","time":"2016-05-09T14:57:49.460Z","v":0}
{"name":"pepServer","hostname":"ubuntu.master","pid":10718,"level":30,"msg":"Starting PEP proxy. Keystone authentication ...","time":"2016-05-09T14:57:49.458Z","v":0}
{"name":"pepHttpClient","hostname":"ubuntu.master","pid":10718,"level":20,"msg":" Headers:  { 'Content-Type': 'application/json' }","time":"2016-05-09T14:57:49.468Z","v":0}
{"name":"pepHttpClient","hostname":"ubuntu.master","pid":10718,"level":20,"msg":" Body:  {\"auth\":{\"identity\":{\"methods\":[\"password\"],\"password\":{\"user\":{\"name\":\"idm\",\"password\":\"idm\",\"domain\":{\"id\":\"default\"}}}}}}","time":"2016-05-09T14:57:49.468Z","v":0}
{"name":"pepServer","hostname":"ubuntu.master","pid":10718,"level":30,"msg":"Success authenticating PEP proxy. Proxy Auth-token:  da646e3ae27849f486e3e3e0e3a824cf","time":"2016-05-09T14:57:49.596Z","v":0}
{"name":"pepHttpClient","hostname":"ubuntu.master","pid":11372,"level":20,"msg":"Sending  POST  to: http://localhost:5000/v3/auth/tokens","time":"2016-05-09T15:00:46.140Z","v":0}
{"name":"pepServer","hostname":"ubuntu.master","pid":11372,"level":30,"msg":"Starting PEP proxy. Keystone authentication ...","time":"2016-05-09T15:00:46.126Z","v":0}
{"name":"pepHttpClient","hostname":"ubuntu.master","pid":11372,"level":20,"msg":" Headers:  { 'Content-Type': 'application/json' }","time":"2016-05-09T15:00:46.159Z","v":0}
{"name":"pepHttpClient","hostname":"ubuntu.master","pid":11372,"level":20,"msg":" Body:  {\"auth\":{\"identity\":{\"methods\":[\"password\"],\"password\":{\"user\":{\"name\":\"idm\",\"password\":\"idm\",\"domain\":{\"id\":\"default\"}}}}}}","time":"2016-05-09T15:00:46.160Z","v":0}
{"name":"pepServer","hostname":"ubuntu.master","pid":11372,"level":30,"msg":"Success authenticating PEP proxy. Proxy Auth-token:  19f79447bb914200a08be1e6425fbcef","time":"2016-05-09T15:00:46.865Z","v":0}
{"name":"pepIdm","hostname":"ubuntu.master","pid":11372,"level":30,"msg":"grantAccessToken .... ","time":"2016-05-09T15:00:55.486Z","v":0}
{"name":"pepServer","hostname":"ubuntu.master","pid":11372,"level":30,"msg":"connection not allowed ...ReferenceError: request is not defined","time":"2016-05-09T15:00:55.490Z","v":0}
{"name":"pepIdm","hostname":"ubuntu.master","pid":11372,"level":20,"msg":"form {\"grant_type\":\"password\",\"username\":\"idm\",\"password\":{\"type\":\"Buffer\",\"data\":[105,100,109]}} ","time":"2016-05-09T15:00:55.488Z","v":0}
{"name":"pepIdm","hostname":"ubuntu.master","pid":11372,"level":20,"msg":"formData grant_type=password&username=idm&password=&redirect_uri=","time":"2016-05-09T15:00:55.488Z","v":0}
{"name":"pepIdm","hostname":"ubuntu.master","pid":11372,"level":20,"msg":"contentLength 56","time":"2016-05-09T15:00:55.488Z","v":0}
{"name":"pepIdm","hostname":"ubuntu.master","pid":11372,"level":20,"msg":"requestOptions  {\"url\":\"http://localhost:8000undefined\",\"method\":\"POST\",\"headers\":{\"Content-Type\":\"application/x-www-form-urlencoded\",\"Accept\":\"application/json\",\"Authorization\":\"Basic NTg5YWQ4MTI1N2FmNGRlMTkwNjIyYTU2ZWY1MjcyNmU6YWYzNGFmMmVlMDE5NDBhYmFiMjIxZjhiMDk2OWZkZGI=\",\"Content-Length\":56},\"body\":\"grant_type=password&username=idm&password=&redirect_uri=\"} ","time":"2016-05-09T15:00:55.488Z","v":0}
{"name":"pepIdm","hostname":"ubuntu.master","pid":11372,"level":30,"msg":"grantAccessToken .... ","time":"2016-05-09T15:00:55.496Z","v":0}
{"name":"pepServer","hostname":"ubuntu.master","pid":11372,"level":30,"msg":"connection not allowed ...ReferenceError: request is not defined","time":"2016-05-09T15:00:55.501Z","v":0}
{"name":"pepIdm","hostname":"ubuntu.master","pid":11372,"level":20,"msg":"form {\"grant_type\":\"password\",\"username\":\"idm\",\"password\":{\"type\":\"Buffer\",\"data\":[105,100,109]}} ","time":"2016-05-09T15:00:55.496Z","v":0}
{"name":"pepIdm","hostname":"ubuntu.master","pid":11372,"level":20,"msg":"formData grant_type=password&username=idm&password=&redirect_uri=","time":"2016-05-09T15:00:55.496Z","v":0}
{"name":"pepIdm","hostname":"ubuntu.master","pid":11372,"level":20,"msg":"contentLength 56","time":"2016-05-09T15:00:55.496Z","v":0}
{"name":"pepIdm","hostname":"ubuntu.master","pid":11372,"level":20,"msg":"requestOptions  {\"url\":\"http://localhost:8000undefined\",\"method\":\"POST\",\"headers\":{\"Content-Type\":\"application/x-www-form-urlencoded\",\"Accept\":\"application/json\",\"Authorization\":\"Basic NTg5YWQ4MTI1N2FmNGRlMTkwNjIyYTU2ZWY1MjcyNmU6YWYzNGFmMmVlMDE5NDBhYmFiMjIxZjhiMDk2OWZkZGI=\",\"Content-Length\":56},\"body\":\"grant_type=password&username=idm&password=&redirect_uri=\"} ","time":"2016-05-09T15:00:55.496Z","v":0}
{"name":"pepIdm","hostname":"ubuntu.master","pid":11372,"level":30,"msg":"grantAccessToken .... ","time":"2016-05-09T15:01:20.678Z","v":0}
{"name":"pepServer","hostname":"ubuntu.master","pid":11372,"level":30,"msg":"connection not allowed ...ReferenceError: request is not defined","time":"2016-05-09T15:01:20.681Z","v":0}
{"name":"pepIdm","hostname":"ubuntu.master","pid":11372,"level":20,"msg":"form {\"grant_type\":\"password\",\"username\":\"idm\",\"password\":{\"type\":\"Buffer\",\"data\":[105,100,109]}} ","time":"2016-05-09T15:01:20.679Z","v":0}
{"name":"pepIdm","hostname":"ubuntu.master","pid":11372,"level":20,"msg":"formData grant_type=password&username=idm&password=&redirect_uri=","time":"2016-05-09T15:01:20.679Z","v":0}
{"name":"pepIdm","hostname":"ubuntu.master","pid":11372,"level":20,"msg":"contentLength 56","time":"2016-05-09T15:01:20.679Z","v":0}
{"name":"pepIdm","hostname":"ubuntu.master","pid":11372,"level":20,"msg":"requestOptions  {\"url\":\"http://localhost:8000undefined\",\"method\":\"POST\",\"headers\":{\"Content-Type\":\"application/x-www-form-urlencoded\",\"Accept\":\"application/json\",\"Authorization\":\"Basic NTg5YWQ4MTI1N2FmNGRlMTkwNjIyYTU2ZWY1MjcyNmU6YWYzNGFmMmVlMDE5NDBhYmFiMjIxZjhiMDk2OWZkZGI=\",\"Content-Length\":56},\"body\":\"grant_type=password&username=idm&password=&redirect_uri=\"} ","time":"2016-05-09T15:01:20.680Z","v":0}
{"name":"pepIdm","hostname":"ubuntu.master","pid":11372,"level":30,"msg":"grantAccessToken .... ","time":"2016-05-09T15:01:20.693Z","v":0}
{"name":"pepServer","hostname":"ubuntu.master","pid":11372,"level":30,"msg":"connection not allowed ...ReferenceError: request is not defined","time":"2016-05-09T15:01:20.695Z","v":0}
{"name":"pepIdm","hostname":"ubuntu.master","pid":11372,"level":20,"msg":"form {\"grant_type\":\"password\",\"username\":\"idm\",\"password\":{\"type\":\"Buffer\",\"data\":[105,100,109]}} ","time":"2016-05-09T15:01:20.694Z","v":0}
{"name":"pepIdm","hostname":"ubuntu.master","pid":11372,"level":20,"msg":"formData grant_type=password&username=idm&password=&redirect_uri=","time":"2016-05-09T15:01:20.694Z","v":0}
{"name":"pepIdm","hostname":"ubuntu.master","pid":11372,"level":20,"msg":"contentLength 56","time":"2016-05-09T15:01:20.694Z","v":0}
{"name":"pepIdm","hostname":"ubuntu.master","pid":11372,"level":20,"msg":"requestOptions  {\"url\":\"http://localhost:8000undefined\",\"method\":\"POST\",\"headers\":{\"Content-Type\":\"application/x-www-form-urlencoded\",\"Accept\":\"application/json\",\"Authorization\":\"Basic NTg5YWQ4MTI1N2FmNGRlMTkwNjIyYTU2ZWY1MjcyNmU6YWYzNGFmMmVlMDE5NDBhYmFiMjIxZjhiMDk2OWZkZGI=\",\"Content-Length\":56},\"body\":\"grant_type=password&username=idm&password=&redirect_uri=\"} ","time":"2016-05-09T15:01:20.694Z","v":0}
{"name":"pepHttpClient","hostname":"ubuntu.master","pid":11412,"level":20,"msg":"Sending  POST  to: http://localhost:5000/v3/auth/tokens","time":"2016-05-09T15:05:02.543Z","v":0}
{"name":"pepServer","hostname":"ubuntu.master","pid":11412,"level":30,"msg":"Starting PEP proxy. Keystone authentication ...","time":"2016-05-09T15:05:02.541Z","v":0}
{"name":"pepHttpClient","hostname":"ubuntu.master","pid":11412,"level":20,"msg":" Headers:  { 'Content-Type': 'application/json' }","time":"2016-05-09T15:05:02.553Z","v":0}
{"name":"pepHttpClient","hostname":"ubuntu.master","pid":11412,"level":20,"msg":" Body:  {\"auth\":{\"identity\":{\"methods\":[\"password\"],\"password\":{\"user\":{\"name\":\"idm\",\"password\":\"idm\",\"domain\":{\"id\":\"default\"}}}}}}","time":"2016-05-09T15:05:02.553Z","v":0}
{"name":"pepServer","hostname":"ubuntu.master","pid":11412,"level":30,"msg":"Success authenticating PEP proxy. Proxy Auth-token:  0c0f1bb965d844eb969db72fde052ade","time":"2016-05-09T15:05:02.693Z","v":0}
{"name":"pepIdm","hostname":"ubuntu.master","pid":11412,"level":30,"msg":"grantAccessToken .... ","time":"2016-05-09T15:05:07.506Z","v":0}
{"name":"pepIdm","hostname":"ubuntu.master","pid":11412,"level":20,"msg":"form {\"grant_type\":\"password\",\"username\":\"idm\",\"password\":{\"type\":\"Buffer\",\"data\":[105,100,109]}} ","time":"2016-05-09T15:05:07.508Z","v":0}
{"name":"pepIdm","hostname":"ubuntu.master","pid":11412,"level":20,"msg":"formData grant_type=password&username=idm&password=&redirect_uri=","time":"2016-05-09T15:05:07.508Z","v":0}
{"name":"pepIdm","hostname":"ubuntu.master","pid":11412,"level":20,"msg":"contentLength 56","time":"2016-05-09T15:05:07.508Z","v":0}
{"name":"pepIdm","hostname":"ubuntu.master","pid":11412,"level":20,"msg":"requestOptions  {\"url\":\"http://localhost:8000undefined\",\"method\":\"POST\",\"headers\":{\"Content-Type\":\"application/x-www-form-urlencoded\",\"Accept\":\"application/json\",\"Authorization\":\"Basic NTg5YWQ4MTI1N2FmNGRlMTkwNjIyYTU2ZWY1MjcyNmU6YWYzNGFmMmVlMDE5NDBhYmFiMjIxZjhiMDk2OWZkZGI=\",\"Content-Length\":56},\"body\":\"grant_type=password&username=idm&password=&redirect_uri=\"} ","time":"2016-05-09T15:05:07.508Z","v":0}
{"name":"pepIdm","hostname":"ubuntu.master","pid":11412,"level":30,"msg":"after return from horizon server .... ","time":"2016-05-09T15:05:07.848Z","v":0}
{"name":"pepServer","hostname":"ubuntu.master","pid":11412,"level":50,"msg":"Caught exception: SyntaxError: Unexpected token <","time":"2016-05-09T15:05:07.850Z","v":0}
{"name":"pepIdm","hostname":"ubuntu.master","pid":11412,"level":20,"msg":"tken return response are {\"statusCode\":404,\"body\":\"<!DOCTYPE HTML PUBLIC \\\"-//IETF//DTD HTML 2.0//EN\\\">\\n<html><head>\\n<title>404 Not Found</title>\\n</head><body>\\n<h1>Not Found</h1>\\n<p>The requested URL /:8000undefined was not found on this server.</p>\\n<hr>\\n<address>Apache/2.4.7 (Ubuntu) Server at localhost Port 80</address>\\n</body></html>\\n\",\"headers\":{\"date\":\"Mon, 09 May 2016 15:05:07 GMT\",\"server\":\"Apache/2.4.7 (Ubuntu)\",\"content-length\":\"286\",\"connection\":\"close\",\"content-type\":\"text/html; charset=iso-8859-1\"},\"request\":{\"uri\":{\"protocol\":\"http:\",\"slashes\":true,\"auth\":null,\"host\":\"localhost\",\"port\":80,\"hostname\":\"localhost\",\"hash\":null,\"search\":null,\"query\":null,\"pathname\":\"/:8000undefined\",\"path\":\"/:8000undefined\",\"href\":\"http://localhost/:8000undefined\"},\"method\":\"POST\",\"headers\":{\"Content-Type\":\"application/x-www-form-urlencoded\",\"Accept\":\"application/json\",\"Authorization\":\"Basic NTg5YWQ4MTI1N2FmNGRlMTkwNjIyYTU2ZWY1MjcyNmU6YWYzNGFmMmVlMDE5NDBhYmFiMjIxZjhiMDk2OWZkZGI=\",\"Content-Length\":56}}}","time":"2016-05-09T15:05:07.849Z","v":0}
{"name":"pepHttpClient","hostname":"ubuntu.master","pid":11459,"level":20,"msg":"Sending  POST  to: http://localhost:5000/v3/auth/tokens","time":"2016-05-09T15:10:46.745Z","v":0}
{"name":"pepServer","hostname":"ubuntu.master","pid":11459,"level":30,"msg":"Starting PEP proxy. Keystone authentication ...","time":"2016-05-09T15:10:46.742Z","v":0}
{"name":"pepHttpClient","hostname":"ubuntu.master","pid":11459,"level":20,"msg":" Headers:  { 'Content-Type': 'application/json' }","time":"2016-05-09T15:10:46.755Z","v":0}
{"name":"pepHttpClient","hostname":"ubuntu.master","pid":11459,"level":20,"msg":" Body:  {\"auth\":{\"identity\":{\"methods\":[\"password\"],\"password\":{\"user\":{\"name\":\"idm\",\"password\":\"idm\",\"domain\":{\"id\":\"default\"}}}}}}","time":"2016-05-09T15:10:46.755Z","v":0}
{"name":"pepServer","hostname":"ubuntu.master","pid":11459,"level":30,"msg":"Success authenticating PEP proxy. Proxy Auth-token:  2a7bcfee993149d7a713e6307a2273b8","time":"2016-05-09T15:10:46.888Z","v":0}
{"name":"pepHttpClient","hostname":"ubuntu.master","pid":11471,"level":20,"msg":"Sending  POST  to: http://localhost:5000/v3/auth/tokens","time":"2016-05-09T15:10:47.720Z","v":0}
{"name":"pepServer","hostname":"ubuntu.master","pid":11471,"level":30,"msg":"Starting PEP proxy. Keystone authentication ...","time":"2016-05-09T15:10:47.718Z","v":0}
{"name":"pepHttpClient","hostname":"ubuntu.master","pid":11471,"level":20,"msg":" Headers:  { 'Content-Type': 'application/json' }","time":"2016-05-09T15:10:47.730Z","v":0}
{"name":"pepHttpClient","hostname":"ubuntu.master","pid":11471,"level":20,"msg":" Body:  {\"auth\":{\"identity\":{\"methods\":[\"password\"],\"password\":{\"user\":{\"name\":\"idm\",\"password\":\"idm\",\"domain\":{\"id\":\"default\"}}}}}}","time":"2016-05-09T15:10:47.730Z","v":0}
{"name":"pepServer","hostname":"ubuntu.master","pid":11471,"level":30,"msg":"Success authenticating PEP proxy. Proxy Auth-token:  f000d263850f4df3a89298ba92a99195","time":"2016-05-09T15:10:48.747Z","v":0}
{"name":"pepHttpClient","hostname":"ubuntu.master","pid":11484,"level":20,"msg":"Sending  POST  to: http://localhost:5000/v3/auth/tokens","time":"2016-05-09T15:10:51.280Z","v":0}
{"name":"pepServer","hostname":"ubuntu.master","pid":11484,"level":30,"msg":"Starting PEP proxy. Keystone authentication ...","time":"2016-05-09T15:10:51.277Z","v":0}
{"name":"pepHttpClient","hostname":"ubuntu.master","pid":11484,"level":20,"msg":" Headers:  { 'Content-Type': 'application/json' }","time":"2016-05-09T15:10:51.289Z","v":0}
{"name":"pepHttpClient","hostname":"ubuntu.master","pid":11484,"level":20,"msg":" Body:  {\"auth\":{\"identity\":{\"methods\":[\"password\"],\"password\":{\"user\":{\"name\":\"idm\",\"password\":\"idm\",\"domain\":{\"id\":\"default\"}}}}}}","time":"2016-05-09T15:10:51.289Z","v":0}
{"name":"pepServer","hostname":"ubuntu.master","pid":11484,"level":30,"msg":"Success authenticating PEP proxy. Proxy Auth-token:  9254ff951f2542f5b154f7f2689b9ef4","time":"2016-05-09T15:10:51.435Z","v":0}
{"name":"pepIdm","hostname":"ubuntu.master","pid":11484,"level":30,"msg":"grantAccessToken .... ","time":"2016-05-09T15:11:15.984Z","v":0}
{"name":"pepIdm","hostname":"ubuntu.master","pid":11484,"level":20,"msg":"form {\"grant_type\":\"password\",\"username\":\"idm\",\"password\":{\"type\":\"Buffer\",\"data\":[105,100,109]},\"redirect_uri\":\"http://u.ray:3000/secApp\"} ","time":"2016-05-09T15:11:15.986Z","v":0}
{"name":"pepIdm","hostname":"ubuntu.master","pid":11484,"level":20,"msg":"formData grant_type=password&username=idm&password=&redirect_uri=http%3A%2F%2Fu.ray%3A3000%2FsecApp","time":"2016-05-09T15:11:15.986Z","v":0}
{"name":"pepIdm","hostname":"ubuntu.master","pid":11484,"level":20,"msg":"contentLength 90","time":"2016-05-09T15:11:15.986Z","v":0}
{"name":"pepIdm","hostname":"ubuntu.master","pid":11484,"level":20,"msg":"requestOptions  {\"url\":\"http://localhost:8000undefined\",\"method\":\"POST\",\"headers\":{\"Content-Type\":\"application/x-www-form-urlencoded\",\"Accept\":\"application/json\",\"Authorization\":\"Basic NTg5YWQ4MTI1N2FmNGRlMTkwNjIyYTU2ZWY1MjcyNmU6YWYzNGFmMmVlMDE5NDBhYmFiMjIxZjhiMDk2OWZkZGI=\",\"Content-Length\":90},\"body\":\"grant_type=password&username=idm&password=&redirect_uri=http%3A%2F%2Fu.ray%3A3000%2FsecApp\"} ","time":"2016-05-09T15:11:15.986Z","v":0}
{"name":"pepIdm","hostname":"ubuntu.master","pid":11484,"level":30,"msg":"after return from horizon server .... ","time":"2016-05-09T15:11:16.023Z","v":0}
{"name":"pepServer","hostname":"ubuntu.master","pid":11484,"level":50,"msg":"Caught exception: SyntaxError: Unexpected token <","time":"2016-05-09T15:11:16.024Z","v":0}
{"name":"pepIdm","hostname":"ubuntu.master","pid":11484,"level":20,"msg":"tken return response are {\"statusCode\":404,\"body\":\"<!DOCTYPE HTML PUBLIC \\\"-//IETF//DTD HTML 2.0//EN\\\">\\n<html><head>\\n<title>404 Not Found</title>\\n</head><body>\\n<h1>Not Found</h1>\\n<p>The requested URL /:8000undefined was not found on this server.</p>\\n<hr>\\n<address>Apache/2.4.7 (Ubuntu) Server at localhost Port 80</address>\\n</body></html>\\n\",\"headers\":{\"date\":\"Mon, 09 May 2016 15:11:16 GMT\",\"server\":\"Apache/2.4.7 (Ubuntu)\",\"content-length\":\"286\",\"connection\":\"close\",\"content-type\":\"text/html; charset=iso-8859-1\"},\"request\":{\"uri\":{\"protocol\":\"http:\",\"slashes\":true,\"auth\":null,\"host\":\"localhost\",\"port\":80,\"hostname\":\"localhost\",\"hash\":null,\"search\":null,\"query\":null,\"pathname\":\"/:8000undefined\",\"path\":\"/:8000undefined\",\"href\":\"http://localhost/:8000undefined\"},\"method\":\"POST\",\"headers\":{\"Content-Type\":\"application/x-www-form-urlencoded\",\"Accept\":\"application/json\",\"Authorization\":\"Basic NTg5YWQ4MTI1N2FmNGRlMTkwNjIyYTU2ZWY1MjcyNmU6YWYzNGFmMmVlMDE5NDBhYmFiMjIxZjhiMDk2OWZkZGI=\",\"Content-Length\":90}}}","time":"2016-05-09T15:11:16.024Z","v":0}
{"name":"pepHttpClient","hostname":"ubuntu.master","pid":11518,"level":20,"msg":"Sending  POST  to: http://localhost:5000/v3/auth/tokens","time":"2016-05-09T15:13:52.925Z","v":0}
{"name":"pepServer","hostname":"ubuntu.master","pid":11518,"level":30,"msg":"Starting PEP proxy. Keystone authentication ...","time":"2016-05-09T15:13:52.922Z","v":0}
{"name":"pepHttpClient","hostname":"ubuntu.master","pid":11518,"level":20,"msg":" Headers:  { 'Content-Type': 'application/json' }","time":"2016-05-09T15:13:52.935Z","v":0}
{"name":"pepHttpClient","hostname":"ubuntu.master","pid":11518,"level":20,"msg":" Body:  {\"auth\":{\"identity\":{\"methods\":[\"password\"],\"password\":{\"user\":{\"name\":\"idm\",\"password\":\"idm\",\"domain\":{\"id\":\"default\"}}}}}}","time":"2016-05-09T15:13:52.935Z","v":0}
{"name":"pepServer","hostname":"ubuntu.master","pid":11518,"level":30,"msg":"Success authenticating PEP proxy. Proxy Auth-token:  466a43dc52304477b81a6d7f048d5a43","time":"2016-05-09T15:13:53.200Z","v":0}
{"name":"pepIdm","hostname":"ubuntu.master","pid":11518,"level":30,"msg":"grantAccessToken .... ","time":"2016-05-09T15:13:53.471Z","v":0}
{"name":"pepIdm","hostname":"ubuntu.master","pid":11518,"level":20,"msg":"redirect_uri http://u.ray:3000/secApp","time":"2016-05-09T15:13:53.471Z","v":0}
{"name":"pepIdm","hostname":"ubuntu.master","pid":11518,"level":20,"msg":"form {\"grant_type\":\"password\",\"username\":\"idm\",\"password\":{\"type\":\"Buffer\",\"data\":[105,100,109]},\"redirect_uri\":\"http://u.ray:3000/secApp\"} ","time":"2016-05-09T15:13:53.472Z","v":0}
{"name":"pepIdm","hostname":"ubuntu.master","pid":11518,"level":20,"msg":"formData grant_type=password&username=idm&password=&redirect_uri=http%3A%2F%2Fu.ray%3A3000%2FsecApp","time":"2016-05-09T15:13:53.473Z","v":0}
{"name":"pepIdm","hostname":"ubuntu.master","pid":11518,"level":20,"msg":"contentLength 90","time":"2016-05-09T15:13:53.473Z","v":0}
{"name":"pepIdm","hostname":"ubuntu.master","pid":11518,"level":20,"msg":"requestOptions  {\"url\":\"http://localhost:8000undefined\",\"method\":\"POST\",\"headers\":{\"Content-Type\":\"application/x-www-form-urlencoded\",\"Accept\":\"application/json\",\"Authorization\":\"Basic NTg5YWQ4MTI1N2FmNGRlMTkwNjIyYTU2ZWY1MjcyNmU6YWYzNGFmMmVlMDE5NDBhYmFiMjIxZjhiMDk2OWZkZGI=\",\"Content-Length\":90},\"body\":\"grant_type=password&username=idm&password=&redirect_uri=http%3A%2F%2Fu.ray%3A3000%2FsecApp\"} ","time":"2016-05-09T15:13:53.473Z","v":0}
{"name":"pepIdm","hostname":"ubuntu.master","pid":11518,"level":30,"msg":"after return from horizon server .... ","time":"2016-05-09T15:13:53.488Z","v":0}
{"name":"pepServer","hostname":"ubuntu.master","pid":11518,"level":50,"msg":"Caught exception: SyntaxError: Unexpected token <","time":"2016-05-09T15:13:53.489Z","v":0}
{"name":"pepIdm","hostname":"ubuntu.master","pid":11518,"level":20,"msg":"token return response are {\"statusCode\":404,\"body\":\"<!DOCTYPE HTML PUBLIC \\\"-//IETF//DTD HTML 2.0//EN\\\">\\n<html><head>\\n<title>404 Not Found</title>\\n</head><body>\\n<h1>Not Found</h1>\\n<p>The requested URL /:8000undefined was not found on this server.</p>\\n<hr>\\n<address>Apache/2.4.7 (Ubuntu) Server at localhost Port 80</address>\\n</body></html>\\n\",\"headers\":{\"date\":\"Mon, 09 May 2016 15:13:53 GMT\",\"server\":\"Apache/2.4.7 (Ubuntu)\",\"content-length\":\"286\",\"connection\":\"close\",\"content-type\":\"text/html; charset=iso-8859-1\"},\"request\":{\"uri\":{\"protocol\":\"http:\",\"slashes\":true,\"auth\":null,\"host\":\"localhost\",\"port\":80,\"hostname\":\"localhost\",\"hash\":null,\"search\":null,\"query\":null,\"pathname\":\"/:8000undefined\",\"path\":\"/:8000undefined\",\"href\":\"http://localhost/:8000undefined\"},\"method\":\"POST\",\"headers\":{\"Content-Type\":\"application/x-www-form-urlencoded\",\"Accept\":\"application/json\",\"Authorization\":\"Basic NTg5YWQ4MTI1N2FmNGRlMTkwNjIyYTU2ZWY1MjcyNmU6YWYzNGFmMmVlMDE5NDBhYmFiMjIxZjhiMDk2OWZkZGI=\",\"Content-Length\":90}}}","time":"2016-05-09T15:13:53.488Z","v":0}
{"name":"pepIdm","hostname":"ubuntu.master","pid":11518,"level":30,"msg":"grantAccessToken .... ","time":"2016-05-09T15:14:09.216Z","v":0}
{"name":"pepIdm","hostname":"ubuntu.master","pid":11518,"level":20,"msg":"redirect_uri http://u.ray:3000/secApp","time":"2016-05-09T15:14:09.217Z","v":0}
{"name":"pepIdm","hostname":"ubuntu.master","pid":11518,"level":20,"msg":"form {\"grant_type\":\"password\",\"username\":\"idm\",\"password\":{\"type\":\"Buffer\",\"data\":[105,100,109]},\"redirect_uri\":\"http://u.ray:3000/secApp\"} ","time":"2016-05-09T15:14:09.218Z","v":0}
{"name":"pepIdm","hostname":"ubuntu.master","pid":11518,"level":20,"msg":"formData grant_type=password&username=idm&password=&redirect_uri=http%3A%2F%2Fu.ray%3A3000%2FsecApp","time":"2016-05-09T15:14:09.218Z","v":0}
{"name":"pepIdm","hostname":"ubuntu.master","pid":11518,"level":20,"msg":"contentLength 90","time":"2016-05-09T15:14:09.218Z","v":0}
{"name":"pepIdm","hostname":"ubuntu.master","pid":11518,"level":20,"msg":"requestOptions  {\"url\":\"http://localhost:8000undefined\",\"method\":\"POST\",\"headers\":{\"Content-Type\":\"application/x-www-form-urlencoded\",\"Accept\":\"application/json\",\"Authorization\":\"Basic NTg5YWQ4MTI1N2FmNGRlMTkwNjIyYTU2ZWY1MjcyNmU6YWYzNGFmMmVlMDE5NDBhYmFiMjIxZjhiMDk2OWZkZGI=\",\"Content-Length\":90},\"body\":\"grant_type=password&username=idm&password=&redirect_uri=http%3A%2F%2Fu.ray%3A3000%2FsecApp\"} ","time":"2016-05-09T15:14:09.218Z","v":0}
{"name":"pepIdm","hostname":"ubuntu.master","pid":11518,"level":30,"msg":"after return from horizon server .... ","time":"2016-05-09T15:14:09.236Z","v":0}
{"name":"pepServer","hostname":"ubuntu.master","pid":11518,"level":50,"msg":"Caught exception: SyntaxError: Unexpected token <","time":"2016-05-09T15:14:09.237Z","v":0}
{"name":"pepIdm","hostname":"ubuntu.master","pid":11518,"level":20,"msg":"token return response are {\"statusCode\":404,\"body\":\"<!DOCTYPE HTML PUBLIC \\\"-//IETF//DTD HTML 2.0//EN\\\">\\n<html><head>\\n<title>404 Not Found</title>\\n</head><body>\\n<h1>Not Found</h1>\\n<p>The requested URL /:8000undefined was not found on this server.</p>\\n<hr>\\n<address>Apache/2.4.7 (Ubuntu) Server at localhost Port 80</address>\\n</body></html>\\n\",\"headers\":{\"date\":\"Mon, 09 May 2016 15:14:09 GMT\",\"server\":\"Apache/2.4.7 (Ubuntu)\",\"content-length\":\"286\",\"connection\":\"close\",\"content-type\":\"text/html; charset=iso-8859-1\"},\"request\":{\"uri\":{\"protocol\":\"http:\",\"slashes\":true,\"auth\":null,\"host\":\"localhost\",\"port\":80,\"hostname\":\"localhost\",\"hash\":null,\"search\":null,\"query\":null,\"pathname\":\"/:8000undefined\",\"path\":\"/:8000undefined\",\"href\":\"http://localhost/:8000undefined\"},\"method\":\"POST\",\"headers\":{\"Content-Type\":\"application/x-www-form-urlencoded\",\"Accept\":\"application/json\",\"Authorization\":\"Basic NTg5YWQ4MTI1N2FmNGRlMTkwNjIyYTU2ZWY1MjcyNmU6YWYzNGFmMmVlMDE5NDBhYmFiMjIxZjhiMDk2OWZkZGI=\",\"Content-Length\":90}}}","time":"2016-05-09T15:14:09.237Z","v":0}
{"name":"pepHttpClient","hostname":"ubuntu.master","pid":11543,"level":20,"msg":"Sending  POST  to: http://localhost:5000/v3/auth/tokens","time":"2016-05-09T15:15:55.568Z","v":0}
{"name":"pepServer","hostname":"ubuntu.master","pid":11543,"level":30,"msg":"Starting PEP proxy. Keystone authentication ...","time":"2016-05-09T15:15:55.565Z","v":0}
{"name":"pepHttpClient","hostname":"ubuntu.master","pid":11543,"level":20,"msg":" Headers:  { 'Content-Type': 'application/json' }","time":"2016-05-09T15:15:55.579Z","v":0}
{"name":"pepHttpClient","hostname":"ubuntu.master","pid":11543,"level":20,"msg":" Body:  {\"auth\":{\"identity\":{\"methods\":[\"password\"],\"password\":{\"user\":{\"name\":\"idm\",\"password\":\"idm\",\"domain\":{\"id\":\"default\"}}}}}}","time":"2016-05-09T15:15:55.579Z","v":0}
{"name":"pepIdm","hostname":"ubuntu.master","pid":11543,"level":30,"msg":"grantAccessToken .... ","time":"2016-05-09T15:15:55.641Z","v":0}
{"name":"pepIdm","hostname":"ubuntu.master","pid":11543,"level":20,"msg":"redirect_uri http://u.ray:3000/secApp","time":"2016-05-09T15:15:55.641Z","v":0}
{"name":"pepIdm","hostname":"ubuntu.master","pid":11543,"level":20,"msg":"form {\"grant_type\":\"password\",\"username\":\"idm\",\"password\":{\"type\":\"Buffer\",\"data\":[105,100,109]},\"redirect_uri\":\"http://u.ray:3000/secApp\"} ","time":"2016-05-09T15:15:55.642Z","v":0}
{"name":"pepIdm","hostname":"ubuntu.master","pid":11543,"level":20,"msg":"formData grant_type=password&username=idm&password=&redirect_uri=http%3A%2F%2Fu.ray%3A3000%2FsecApp","time":"2016-05-09T15:15:55.642Z","v":0}
{"name":"pepIdm","hostname":"ubuntu.master","pid":11543,"level":20,"msg":"contentLength 90","time":"2016-05-09T15:15:55.642Z","v":0}
{"name":"pepIdm","hostname":"ubuntu.master","pid":11543,"level":20,"msg":"requestOptions  {\"url\":\"http://localhost:8000/oauth2/token\",\"method\":\"POST\",\"headers\":{\"Content-Type\":\"application/x-www-form-urlencoded\",\"Accept\":\"application/json\",\"Authorization\":\"Basic NTg5YWQ4MTI1N2FmNGRlMTkwNjIyYTU2ZWY1MjcyNmU6YWYzNGFmMmVlMDE5NDBhYmFiMjIxZjhiMDk2OWZkZGI=\",\"Content-Length\":90},\"body\":\"grant_type=password&username=idm&password=&redirect_uri=http%3A%2F%2Fu.ray%3A3000%2FsecApp\"} ","time":"2016-05-09T15:15:55.642Z","v":0}
{"name":"pepServer","hostname":"ubuntu.master","pid":11543,"level":30,"msg":"Success authenticating PEP proxy. Proxy Auth-token:  2a1f5fc4a551489695900610dfc10c31","time":"2016-05-09T15:15:55.777Z","v":0}
{"name":"pepIdm","hostname":"ubuntu.master","pid":11543,"level":30,"msg":"after return from horizon server .... ","time":"2016-05-09T15:15:55.964Z","v":0}
{"name":"pepServer","hostname":"ubuntu.master","pid":11543,"level":30,"msg":"connection not allowed ...503","time":"2016-05-09T15:15:55.966Z","v":0}
{"name":"pepIdm","hostname":"ubuntu.master","pid":11543,"level":20,"msg":"token return response are {\"statusCode\":400,\"body\":\"{\\\"error\\\": {\\\"message\\\": \\\"invalid_request\\\", \\\"code\\\": 400, \\\"title\\\": \\\"Bad Request\\\"}}\",\"headers\":{\"date\":\"Mon, 09 May 2016 15:15:55 GMT\",\"server\":\"WSGIServer/0.1 Python/2.7.6\",\"vary\":\"Accept-Language, Cookie\",\"x-frame-options\":\"SAMEORIGIN\",\"content-type\":\"application/json\",\"content-language\":\"en\"},\"request\":{\"uri\":{\"protocol\":\"http:\",\"slashes\":true,\"auth\":null,\"host\":\"localhost:8000\",\"port\":\"8000\",\"hostname\":\"localhost\",\"hash\":null,\"search\":null,\"query\":null,\"pathname\":\"/oauth2/token\",\"path\":\"/oauth2/token\",\"href\":\"http://localhost:8000/oauth2/token\"},\"method\":\"POST\",\"headers\":{\"Content-Type\":\"application/x-www-form-urlencoded\",\"Accept\":\"application/json\",\"Authorization\":\"Basic NTg5YWQ4MTI1N2FmNGRlMTkwNjIyYTU2ZWY1MjcyNmU6YWYzNGFmMmVlMDE5NDBhYmFiMjIxZjhiMDk2OWZkZGI=\",\"Content-Length\":90}}}","time":"2016-05-09T15:15:55.964Z","v":0}
{"name":"pepIdm","hostname":"ubuntu.master","pid":11543,"level":20,"msg":"token return body are {\"error\":{\"message\":\"invalid_request\",\"code\":400,\"title\":\"Bad Request\"}}","time":"2016-05-09T15:15:55.964Z","v":0}
{"name":"pepIdm","hostname":"ubuntu.master","pid":11543,"level":30,"msg":"grantAccessToken .... ","time":"2016-05-09T15:16:08.790Z","v":0}
{"name":"pepIdm","hostname":"ubuntu.master","pid":11543,"level":20,"msg":"redirect_uri http://u.ray:3000/secApp","time":"2016-05-09T15:16:08.790Z","v":0}
{"name":"pepIdm","hostname":"ubuntu.master","pid":11543,"level":20,"msg":"form {\"grant_type\":\"password\",\"username\":\"idm\",\"password\":{\"type\":\"Buffer\",\"data\":[105,100,109]},\"redirect_uri\":\"http://u.ray:3000/secApp\"} ","time":"2016-05-09T15:16:08.790Z","v":0}
{"name":"pepIdm","hostname":"ubuntu.master","pid":11543,"level":20,"msg":"formData grant_type=password&username=idm&password=&redirect_uri=http%3A%2F%2Fu.ray%3A3000%2FsecApp","time":"2016-05-09T15:16:08.790Z","v":0}
{"name":"pepIdm","hostname":"ubuntu.master","pid":11543,"level":20,"msg":"contentLength 90","time":"2016-05-09T15:16:08.790Z","v":0}
{"name":"pepIdm","hostname":"ubuntu.master","pid":11543,"level":20,"msg":"requestOptions  {\"url\":\"http://localhost:8000/oauth2/token\",\"method\":\"POST\",\"headers\":{\"Content-Type\":\"application/x-www-form-urlencoded\",\"Accept\":\"application/json\",\"Authorization\":\"Basic NTg5YWQ4MTI1N2FmNGRlMTkwNjIyYTU2ZWY1MjcyNmU6YWYzNGFmMmVlMDE5NDBhYmFiMjIxZjhiMDk2OWZkZGI=\",\"Content-Length\":90},\"body\":\"grant_type=password&username=idm&password=&redirect_uri=http%3A%2F%2Fu.ray%3A3000%2FsecApp\"} ","time":"2016-05-09T15:16:08.790Z","v":0}
{"name":"pepIdm","hostname":"ubuntu.master","pid":11543,"level":30,"msg":"after return from horizon server .... ","time":"2016-05-09T15:16:08.830Z","v":0}
{"name":"pepServer","hostname":"ubuntu.master","pid":11543,"level":30,"msg":"connection not allowed ...503","time":"2016-05-09T15:16:08.830Z","v":0}
{"name":"pepIdm","hostname":"ubuntu.master","pid":11543,"level":20,"msg":"token return response are {\"statusCode\":400,\"body\":\"{\\\"error\\\": {\\\"message\\\": \\\"invalid_request\\\", \\\"code\\\": 400, \\\"title\\\": \\\"Bad Request\\\"}}\",\"headers\":{\"date\":\"Mon, 09 May 2016 15:16:08 GMT\",\"server\":\"WSGIServer/0.1 Python/2.7.6\",\"vary\":\"Accept-Language, Cookie\",\"x-frame-options\":\"SAMEORIGIN\",\"content-type\":\"application/json\",\"content-language\":\"en\"},\"request\":{\"uri\":{\"protocol\":\"http:\",\"slashes\":true,\"auth\":null,\"host\":\"localhost:8000\",\"port\":\"8000\",\"hostname\":\"localhost\",\"hash\":null,\"search\":null,\"query\":null,\"pathname\":\"/oauth2/token\",\"path\":\"/oauth2/token\",\"href\":\"http://localhost:8000/oauth2/token\"},\"method\":\"POST\",\"headers\":{\"Content-Type\":\"application/x-www-form-urlencoded\",\"Accept\":\"application/json\",\"Authorization\":\"Basic NTg5YWQ4MTI1N2FmNGRlMTkwNjIyYTU2ZWY1MjcyNmU6YWYzNGFmMmVlMDE5NDBhYmFiMjIxZjhiMDk2OWZkZGI=\",\"Content-Length\":90}}}","time":"2016-05-09T15:16:08.830Z","v":0}
{"name":"pepIdm","hostname":"ubuntu.master","pid":11543,"level":20,"msg":"token return body are {\"error\":{\"message\":\"invalid_request\",\"code\":400,\"title\":\"Bad Request\"}}","time":"2016-05-09T15:16:08.830Z","v":0}
{"name":"pepIdm","hostname":"ubuntu.master","pid":11543,"level":30,"msg":"grantAccessToken .... ","time":"2016-05-09T15:16:08.833Z","v":0}
{"name":"pepIdm","hostname":"ubuntu.master","pid":11543,"level":20,"msg":"redirect_uri http://u.ray:3000/secApp","time":"2016-05-09T15:16:08.833Z","v":0}
{"name":"pepIdm","hostname":"ubuntu.master","pid":11543,"level":20,"msg":"form {\"grant_type\":\"password\",\"username\":\"idm\",\"password\":{\"type\":\"Buffer\",\"data\":[105,100,109]},\"redirect_uri\":\"http://u.ray:3000/secApp\"} ","time":"2016-05-09T15:16:08.834Z","v":0}
{"name":"pepIdm","hostname":"ubuntu.master","pid":11543,"level":20,"msg":"formData grant_type=password&username=idm&password=&redirect_uri=http%3A%2F%2Fu.ray%3A3000%2FsecApp","time":"2016-05-09T15:16:08.834Z","v":0}
{"name":"pepIdm","hostname":"ubuntu.master","pid":11543,"level":20,"msg":"contentLength 90","time":"2016-05-09T15:16:08.834Z","v":0}
{"name":"pepIdm","hostname":"ubuntu.master","pid":11543,"level":20,"msg":"requestOptions  {\"url\":\"http://localhost:8000/oauth2/token\",\"method\":\"POST\",\"headers\":{\"Content-Type\":\"application/x-www-form-urlencoded\",\"Accept\":\"application/json\",\"Authorization\":\"Basic NTg5YWQ4MTI1N2FmNGRlMTkwNjIyYTU2ZWY1MjcyNmU6YWYzNGFmMmVlMDE5NDBhYmFiMjIxZjhiMDk2OWZkZGI=\",\"Content-Length\":90},\"body\":\"grant_type=password&username=idm&password=&redirect_uri=http%3A%2F%2Fu.ray%3A3000%2FsecApp\"} ","time":"2016-05-09T15:16:08.834Z","v":0}
{"name":"pepIdm","hostname":"ubuntu.master","pid":11543,"level":30,"msg":"after return from horizon server .... ","time":"2016-05-09T15:16:08.847Z","v":0}
{"name":"pepServer","hostname":"ubuntu.master","pid":11543,"level":30,"msg":"connection not allowed ...503","time":"2016-05-09T15:16:08.850Z","v":0}
{"name":"pepIdm","hostname":"ubuntu.master","pid":11543,"level":20,"msg":"token return response are {\"statusCode\":400,\"body\":\"{\\\"error\\\": {\\\"message\\\": \\\"invalid_request\\\", \\\"code\\\": 400, \\\"title\\\": \\\"Bad Request\\\"}}\",\"headers\":{\"date\":\"Mon, 09 May 2016 15:16:08 GMT\",\"server\":\"WSGIServer/0.1 Python/2.7.6\",\"vary\":\"Accept-Language, Cookie\",\"x-frame-options\":\"SAMEORIGIN\",\"content-type\":\"application/json\",\"content-language\":\"en\"},\"request\":{\"uri\":{\"protocol\":\"http:\",\"slashes\":true,\"auth\":null,\"host\":\"localhost:8000\",\"port\":\"8000\",\"hostname\":\"localhost\",\"hash\":null,\"search\":null,\"query\":null,\"pathname\":\"/oauth2/token\",\"path\":\"/oauth2/token\",\"href\":\"http://localhost:8000/oauth2/token\"},\"method\":\"POST\",\"headers\":{\"Content-Type\":\"application/x-www-form-urlencoded\",\"Accept\":\"application/json\",\"Authorization\":\"Basic NTg5YWQ4MTI1N2FmNGRlMTkwNjIyYTU2ZWY1MjcyNmU6YWYzNGFmMmVlMDE5NDBhYmFiMjIxZjhiMDk2OWZkZGI=\",\"Content-Length\":90}}}","time":"2016-05-09T15:16:08.847Z","v":0}
{"name":"pepIdm","hostname":"ubuntu.master","pid":11543,"level":20,"msg":"token return body are {\"error\":{\"message\":\"invalid_request\",\"code\":400,\"title\":\"Bad Request\"}}","time":"2016-05-09T15:16:08.848Z","v":0}
